12:58:17 **** Incremental Build of configuration Debug for project Vector-c-ceros-c ****
make -j16 all 
arm-none-eabi-gcc "../Core/Src/main.c" -mcpu=cortex-m4 -std=gnu11 -g3 -DDEBUG -DUSE_HAL_DRIVER -DSTM32F401xE -c -I../Core/Inc -I../Drivers/STM32F4xx_HAL_Driver/Inc -I../Drivers/STM32F4xx_HAL_Driver/Inc/Legacy -I../Drivers/CMSIS/Device/ST/STM32F4xx/Include -I../Drivers/CMSIS/Include -O0 -ffunction-sections -fdata-sections -Wall -fstack-usage -fcyclomatic-complexity -MMD -MP -MF"Core/Src/main.d" -MT"Core/Src/main.o" --specs=nano.specs -mfpu=fpv4-sp-d16 -mfloat-abi=hard -mthumb -o "Core/Src/main.o"
../Core/Src/main.c:183:8: warning: 'zeros' defined but not used [-Wunused-function]
  183 |   void zeros(uint32_t *vectorIn, uint32_t longitud)
      |        ^~~~~
arm-none-eabi-gcc -o "Vector-c-ceros-c.elf" @"objects.list"   -mcpu=cortex-m4 -T"C:\Users\lauta\Desktop\CESE\Materias\Segundo bimestre\AdM\AdM_workspace\Vector-c-ceros-c\STM32F401RETX_FLASH.ld" --specs=nosys.specs -Wl,-Map="Vector-c-ceros-c.map" -Wl,--gc-sections -static --specs=nano.specs -mfpu=fpv4-sp-d16 -mfloat-abi=hard -mthumb -Wl,--start-group -lc -lm -Wl,--end-group
c:\st\stm32cubeide_1.12.1\stm32cubeide\plugins\com.st.stm32cube.ide.mcu.externaltools.gnu-tools-for-stm32.10.3-2021.10.win32_1.0.200.202301161003\tools\arm-none-eabi\bin\ld.exe: ./Core/Src/main.o: in function `main':
C:/Users/lauta/Desktop/CESE/Materias/Segundo bimestre/AdM/AdM_workspace/Vector-c-ceros-c/Debug/../Core/Src/main.c:95: undefined reference to `zeros'
collect2.exe: error: ld returned 1 exit status
make: *** [makefile:64: Vector-c-ceros-c.elf] Error 1
"make -j16 all" terminated with exit code 2. Build might be incomplete.

12:58:18 Build Failed. 3 errors, 1 warnings. (took 496ms)

